<?xml version="1.0" encoding="UTF-8"?>
<!-- Generated by org.testng.reporters.JUnitReportReporter -->
<testsuite hostname="DESKTOP-FL1QLG9" failures="0" tests="1" name="automationCode.widgetClass" time="4.770" errors="0" timestamp="2025-02-14T22:35:30 GMT" skipped="0">
  <testcase classname="automationCode.widgetClass" name="widgets" time="4.770"/>
  <system-out/>
</testsuite> <!-- automationCode.widgetClass -->
