<?xml version="1.0" encoding="UTF-8"?>
<!-- Generated by org.testng.reporters.JUnitReportReporter -->
<testsuite hostname="DESKTOP-FL1QLG9" failures="0" tests="1" name="automationCode.elementsClass" time="50.772" errors="0" timestamp="2025-02-14T00:08:58 GMT" skipped="0">
  <testcase classname="automationCode.elementsClass" name="bookStoreApplication" time="50.772"/>
  <system-out/>
</testsuite> <!-- automationCode.elementsClass -->
