<?xml version="1.0" encoding="UTF-8"?>
<!-- Generated by org.testng.reporters.JUnitReportReporter -->
<testsuite hostname="DESKTOP-FL1QLG9" failures="0" tests="1" name="automationCode.formClass" time="3.681" errors="0" timestamp="2025-02-14T22:35:30 GMT" skipped="0">
  <testcase classname="automationCode.formClass" name="form" time="3.681"/>
  <system-out>
    <![CDATA[Entered the Method of enterFieldValue
exited the Method of enterFieldValue
Entered the Method of enterFieldValue
exited the Method of enterFieldValue
Entered the Method of enterFieldValue
exited the Method of enterFieldValue
Entered the Method of selectRadioButton
exited the Method of selectRadioButton
Entered the Method of enterFieldValue
exited the Method of enterFieldValue
Entered the Method of enterFieldValue
exited the Method of enterFieldValue
Entered the Method of selectRadioButton
exited the Method of selectRadioButton
Entered the Method of enterFieldValue
exited the Method of enterFieldValue
Entered the Method of clickButton
exited the Method of clickButton]]>
  </system-out>
</testsuite> <!-- automationCode.formClass -->
