<?xml version="1.0" encoding="UTF-8"?>
<!-- Generated by org.testng.reporters.JUnitReportReporter -->
<testsuite hostname="DESKTOP-FL1QLG9" failures="0" tests="2" name="automationCode.textBoxClass" time="1.071" errors="0" timestamp="2025-02-11T15:31:59 GMT" skipped="0">
  <testcase classname="automationCode.textBoxClass" name="verifyTitleValue" time="0.032"/>
  <system-out>
    <![CDATA[Entered the verifyTitleValue Method
Exited the verifyTitleValue method]]>
  </system-out>
  <testcase classname="automationCode.textBoxClass" name="enterFieldValues" time="1.039"/>
  <system-out>
    <![CDATA[Entered the enterFieldValues Method
Entered the Method of enterFieldValue
exited the Method of enterFieldValue
Entered the Method of enterFieldValue
exited the Method of enterFieldValue
Entered the Method of enterFieldValue
exited the Method of enterFieldValue
Entered the Method of enterFieldValue
exited the Method of enterFieldValue
Entered the Method of clickButton
exited the Method of clickButton
Exited the enterFieldValues Method]]>
  </system-out>
</testsuite> <!-- automationCode.textBoxClass -->
